Reading Netlist "/home/jwithee/classes/ece571/bearboard/schematics/kicad_schematics/bearboard.net"
Module [Q3]: Pad [D] not found
Module [Q3]: Pad [G] not found
Module [Q3]: Pad [S] not found
Module [Q4]: Pad [D] not found
Module [Q4]: Pad [G] not found
Module [Q4]: Pad [S] not found
Module [U4]: Pad [1PPS] not found
Module [U4]: Pad [GND] not found
Module [U4]: Pad [RX] not found
Module [U4]: Pad [TX] not found
Module [U4]: Pad [VCC] not found
Module [U7]: Pad [1] not found
Module [U7]: Pad [2] not found
Module [U7]: Pad [3] not found
Module [U7]: Pad [4] not found
Module [U7]: Pad [5] not found
Module [U7]: Pad [6] not found
Module [U7]: Pad [7] not found
Module [U7]: Pad [8] not found
Module [U7]: Pad [9] not found
Module [U7]: Pad [10] not found
Module [U7]: Pad [11] not found
Module [U7]: Pad [12] not found
Module [U7]: Pad [13] not found
Module [U7]: Pad [14] not found
Module [U8]: Pad [0] not found
Module [U12]: Pad [0] not found
Module [U14]: Pad [10] not found
Module [U14]: Pad [11] not found
Module [U14]: Pad [12] not found
